\BOOKMARK [1][-]{section.1}{Introduction}{}% 1
\BOOKMARK [1][-]{section.2}{Data and Methods}{}% 2
\BOOKMARK [2][-]{subsection.2.1}{Data}{section.2}% 3
\BOOKMARK [3][-]{subsubsection.2.1.1}{Interaction network}{subsection.2.1}% 4
\BOOKMARK [3][-]{subsubsection.2.1.2}{Time-series microarray data description}{subsection.2.1}% 5
\BOOKMARK [2][-]{subsection.2.2}{The Process Hitting Framework}{section.2}% 6
\BOOKMARK [3][-]{subsubsection.2.2.1}{Modeling cooperation}{subsection.2.2}% 7
\BOOKMARK [3][-]{subsubsection.2.2.2}{Modeling synchronization}{subsection.2.2}% 8
\BOOKMARK [2][-]{subsection.2.3}{Model construction\(From RSTC to PH\)}{section.2}% 9
\BOOKMARK [3][-]{subsubsection.2.3.1}{Modeling the RSTC network as a PH model}{subsection.2.3}% 10
\BOOKMARK [3][-]{subsubsection.2.3.2}{Estimating the parameters for the PH-simulation from time-series gene expression data}{subsection.2.3}% 11
\BOOKMARK [3][-]{subsubsection.2.3.3}{From data to action parameters}{subsection.2.3}% 12
\BOOKMARK [3][-]{subsubsection.2.3.4}{Discretization of times-series data}{subsection.2.3}% 13
\BOOKMARK [2][-]{subsection.2.4}{Simulation: Initials conditions}{section.2}% 14
\BOOKMARK [1][-]{section.3}{Results}{}% 15
\BOOKMARK [2][-]{subsection.3.1}{From PID to PH: On automatic generation of PH code of the network}{section.3}% 16
\BOOKMARK [2][-]{subsection.3.2}{Simulation experience}{section.3}% 17
\BOOKMARK [3][-]{subsubsection.3.2.1}{Without the introduction of synchronization gate}{subsection.3.2}% 18
\BOOKMARK [3][-]{subsubsection.3.2.2}{With the introduction of synchronization gate}{subsection.3.2}% 19
\BOOKMARK [1][-]{section.4}{Conclusion}{}% 20
\BOOKMARK [1][-]{section*.1}{References}{}% 21
